<?xml version='1.0'?> 
<!DOCTYPE coverage SYSTEM "http://cobertura.sourceforge.net/xml/coverage-04.dtd">
<!-- Generated by simplecov-cobertura version 1.3.0 (https://github.com/dashingrocket/simplecov-cobertura) -->
<coverage line-rate="0.98" branch-rate="0" lines-covered="310" lines-valid="316" branches-covered="0" branches-valid="0" complexity="0" version="0" timestamp="1534409821">
  <sources>
    <source>/Softices/personal/workspace/ruby/vrs-backend/vrs</source>
  </sources>
  <packages>
    <package name="vrs" line-rate="0.98" branch-rate="0" complexity="0">
      <classes>
        <class name="companies_controller" filename="app/controllers/api/v1/companies_controller.rb" line-rate="1.0" branch-rate="0" complexity="0">
          <methods/>
          <lines>
            <line number="1" branch="false" hits="1"/>
            <line number="2" branch="false" hits="1"/>
            <line number="4" branch="false" hits="1"/>
            <line number="5" branch="false" hits="1"/>
            <line number="6" branch="false" hits="1"/>
            <line number="9" branch="false" hits="1"/>
            <line number="10" branch="false" hits="2"/>
            <line number="11" branch="false" hits="1"/>
            <line number="13" branch="false" hits="1"/>
            <line number="17" branch="false" hits="1"/>
            <line number="18" branch="false" hits="1"/>
            <line number="19" branch="false" hits="2"/>
          </lines>
        </class>
        <class name="departments_controller" filename="app/controllers/api/v1/company/departments_controller.rb" line-rate="1.0" branch-rate="0" complexity="0">
          <methods/>
          <lines>
            <line number="1" branch="false" hits="1"/>
            <line number="2" branch="false" hits="1"/>
            <line number="3" branch="false" hits="1"/>
            <line number="5" branch="false" hits="1"/>
            <line number="6" branch="false" hits="1"/>
            <line number="7" branch="false" hits="1"/>
            <line number="10" branch="false" hits="1"/>
            <line number="11" branch="false" hits="2"/>
            <line number="12" branch="false" hits="2"/>
            <line number="13" branch="false" hits="2"/>
            <line number="14" branch="false" hits="1"/>
            <line number="16" branch="false" hits="1"/>
            <line number="20" branch="false" hits="1"/>
            <line number="21" branch="false" hits="1"/>
            <line number="24" branch="false" hits="1"/>
            <line number="25" branch="false" hits="2"/>
            <line number="26" branch="false" hits="1"/>
            <line number="28" branch="false" hits="1"/>
            <line number="32" branch="false" hits="1"/>
            <line number="33" branch="false" hits="1"/>
            <line number="34" branch="false" hits="1"/>
            <line number="37" branch="false" hits="1"/>
            <line number="38" branch="false" hits="1"/>
            <line number="39" branch="false" hits="5"/>
            <line number="40" branch="false" hits="5"/>
            <line number="43" branch="false" hits="1"/>
            <line number="44" branch="false" hits="4"/>
          </lines>
        </class>
        <class name="holidays_controller" filename="app/controllers/api/v1/company/holidays_controller.rb" line-rate="1.0" branch-rate="0" complexity="0">
          <methods/>
          <lines>
            <line number="1" branch="false" hits="1"/>
            <line number="2" branch="false" hits="1"/>
            <line number="3" branch="false" hits="1"/>
            <line number="5" branch="false" hits="1"/>
            <line number="6" branch="false" hits="1"/>
            <line number="7" branch="false" hits="1"/>
            <line number="10" branch="false" hits="1"/>
            <line number="11" branch="false" hits="2"/>
            <line number="12" branch="false" hits="2"/>
            <line number="13" branch="false" hits="2"/>
            <line number="14" branch="false" hits="1"/>
            <line number="16" branch="false" hits="1"/>
            <line number="20" branch="false" hits="1"/>
            <line number="21" branch="false" hits="1"/>
            <line number="24" branch="false" hits="1"/>
            <line number="25" branch="false" hits="2"/>
            <line number="26" branch="false" hits="1"/>
            <line number="28" branch="false" hits="1"/>
            <line number="32" branch="false" hits="1"/>
            <line number="33" branch="false" hits="1"/>
            <line number="34" branch="false" hits="1"/>
            <line number="37" branch="false" hits="1"/>
            <line number="38" branch="false" hits="1"/>
            <line number="39" branch="false" hits="5"/>
            <line number="40" branch="false" hits="5"/>
            <line number="43" branch="false" hits="1"/>
            <line number="44" branch="false" hits="4"/>
          </lines>
        </class>
        <class name="customers_controller" filename="app/controllers/api/v1/customers_controller.rb" line-rate="1.0" branch-rate="0" complexity="0">
          <methods/>
          <lines>
            <line number="1" branch="false" hits="1"/>
            <line number="2" branch="false" hits="1"/>
            <line number="3" branch="false" hits="1"/>
            <line number="4" branch="false" hits="1"/>
            <line number="6" branch="false" hits="1"/>
            <line number="7" branch="false" hits="1"/>
            <line number="8" branch="false" hits="1"/>
            <line number="9" branch="false" hits="1"/>
            <line number="12" branch="false" hits="1"/>
            <line number="13" branch="false" hits="1"/>
            <line number="16" branch="false" hits="1"/>
            <line number="17" branch="false" hits="2"/>
            <line number="18" branch="false" hits="2"/>
            <line number="19" branch="false" hits="1"/>
            <line number="21" branch="false" hits="1"/>
            <line number="25" branch="false" hits="1"/>
            <line number="26" branch="false" hits="2"/>
            <line number="27" branch="false" hits="1"/>
            <line number="29" branch="false" hits="1"/>
            <line number="33" branch="false" hits="1"/>
            <line number="34" branch="false" hits="1"/>
            <line number="35" branch="false" hits="1"/>
            <line number="38" branch="false" hits="1"/>
            <line number="39" branch="false" hits="1"/>
            <line number="40" branch="false" hits="5"/>
            <line number="41" branch="false" hits="5"/>
            <line number="44" branch="false" hits="1"/>
            <line number="45" branch="false" hits="4"/>
          </lines>
        </class>
        <class name="hour_types_controller" filename="app/controllers/api/v1/hour_types_controller.rb" line-rate="1.0" branch-rate="0" complexity="0">
          <methods/>
          <lines>
            <line number="1" branch="false" hits="1"/>
            <line number="2" branch="false" hits="1"/>
            <line number="3" branch="false" hits="1"/>
            <line number="4" branch="false" hits="1"/>
            <line number="6" branch="false" hits="1"/>
            <line number="7" branch="false" hits="1"/>
            <line number="8" branch="false" hits="1"/>
            <line number="9" branch="false" hits="1"/>
            <line number="12" branch="false" hits="1"/>
            <line number="13" branch="false" hits="1"/>
            <line number="16" branch="false" hits="1"/>
            <line number="17" branch="false" hits="2"/>
            <line number="18" branch="false" hits="2"/>
            <line number="19" branch="false" hits="1"/>
            <line number="21" branch="false" hits="1"/>
            <line number="25" branch="false" hits="1"/>
            <line number="26" branch="false" hits="2"/>
            <line number="27" branch="false" hits="1"/>
            <line number="29" branch="false" hits="1"/>
            <line number="33" branch="false" hits="1"/>
            <line number="34" branch="false" hits="1"/>
            <line number="35" branch="false" hits="1"/>
            <line number="38" branch="false" hits="1"/>
            <line number="39" branch="false" hits="1"/>
            <line number="40" branch="false" hits="5"/>
            <line number="41" branch="false" hits="5"/>
            <line number="44" branch="false" hits="1"/>
            <line number="45" branch="false" hits="4"/>
          </lines>
        </class>
        <class name="projects_controller" filename="app/controllers/api/v1/projects_controller.rb" line-rate="0.79" branch-rate="0" complexity="0">
          <methods/>
          <lines>
            <line number="1" branch="false" hits="1"/>
            <line number="2" branch="false" hits="1"/>
            <line number="3" branch="false" hits="1"/>
            <line number="4" branch="false" hits="1"/>
            <line number="6" branch="false" hits="1"/>
            <line number="7" branch="false" hits="1"/>
            <line number="8" branch="false" hits="1"/>
            <line number="9" branch="false" hits="1"/>
            <line number="12" branch="false" hits="1"/>
            <line number="13" branch="false" hits="0"/>
            <line number="16" branch="false" hits="1"/>
            <line number="17" branch="false" hits="2"/>
            <line number="18" branch="false" hits="2"/>
            <line number="19" branch="false" hits="1"/>
            <line number="21" branch="false" hits="1"/>
            <line number="25" branch="false" hits="1"/>
            <line number="26" branch="false" hits="0"/>
            <line number="27" branch="false" hits="0"/>
            <line number="29" branch="false" hits="0"/>
            <line number="33" branch="false" hits="1"/>
            <line number="34" branch="false" hits="0"/>
            <line number="35" branch="false" hits="0"/>
            <line number="38" branch="false" hits="1"/>
            <line number="39" branch="false" hits="1"/>
            <line number="40" branch="false" hits="5"/>
            <line number="41" branch="false" hits="5"/>
            <line number="44" branch="false" hits="1"/>
            <line number="45" branch="false" hits="2"/>
          </lines>
        </class>
        <class name="tasks_controller" filename="app/controllers/api/v1/tasks_controller.rb" line-rate="1.0" branch-rate="0" complexity="0">
          <methods/>
          <lines>
            <line number="1" branch="false" hits="1"/>
            <line number="2" branch="false" hits="1"/>
            <line number="3" branch="false" hits="1"/>
            <line number="4" branch="false" hits="1"/>
            <line number="6" branch="false" hits="1"/>
            <line number="7" branch="false" hits="1"/>
            <line number="8" branch="false" hits="1"/>
            <line number="9" branch="false" hits="1"/>
            <line number="12" branch="false" hits="1"/>
            <line number="13" branch="false" hits="1"/>
            <line number="16" branch="false" hits="1"/>
            <line number="17" branch="false" hits="2"/>
            <line number="18" branch="false" hits="2"/>
            <line number="19" branch="false" hits="1"/>
            <line number="21" branch="false" hits="1"/>
            <line number="25" branch="false" hits="1"/>
            <line number="26" branch="false" hits="2"/>
            <line number="27" branch="false" hits="1"/>
            <line number="29" branch="false" hits="1"/>
            <line number="33" branch="false" hits="1"/>
            <line number="34" branch="false" hits="1"/>
            <line number="35" branch="false" hits="1"/>
            <line number="38" branch="false" hits="1"/>
            <line number="39" branch="false" hits="1"/>
            <line number="40" branch="false" hits="5"/>
            <line number="41" branch="false" hits="5"/>
            <line number="44" branch="false" hits="1"/>
            <line number="45" branch="false" hits="4"/>
          </lines>
        </class>
        <class name="application_controller" filename="app/controllers/application_controller.rb" line-rate="1.0" branch-rate="0" complexity="0">
          <methods/>
          <lines>
            <line number="1" branch="false" hits="1"/>
            <line number="2" branch="false" hits="1"/>
            <line number="3" branch="false" hits="1"/>
            <line number="5" branch="false" hits="1"/>
            <line number="6" branch="false" hits="61"/>
            <line number="9" branch="false" hits="1"/>
            <line number="10" branch="false" hits="45"/>
            <line number="11" branch="false" hits="45"/>
            <line number="12" branch="false" hits="45"/>
            <line number="15" branch="false" hits="1"/>
            <line number="16" branch="false" hits="4"/>
            <line number="17" branch="false" hits="4"/>
            <line number="18" branch="false" hits="4"/>
            <line number="19" branch="false" hits="4"/>
            <line number="22" branch="false" hits="1"/>
            <line number="23" branch="false" hits="4"/>
            <line number="25" branch="false" hits="4"/>
            <line number="33" branch="false" hits="4"/>
            <line number="34" branch="false" hits="4"/>
            <line number="36" branch="false" hits="4"/>
          </lines>
        </class>
        <class name="response" filename="app/controllers/concerns/response.rb" line-rate="1.0" branch-rate="0" complexity="0">
          <methods/>
          <lines>
            <line number="1" branch="false" hits="1"/>
            <line number="3" branch="false" hits="1"/>
            <line number="4" branch="false" hits="12"/>
            <line number="7" branch="false" hits="1"/>
            <line number="8" branch="false" hits="22"/>
            <line number="11" branch="false" hits="1"/>
            <line number="12" branch="false" hits="17"/>
          </lines>
        </class>
        <class name="application_record" filename="app/models/application_record.rb" line-rate="1.0" branch-rate="0" complexity="0">
          <methods/>
          <lines>
            <line number="1" branch="false" hits="1"/>
            <line number="2" branch="false" hits="1"/>
          </lines>
        </class>
        <class name="company" filename="app/models/company.rb" line-rate="1.0" branch-rate="0" complexity="0">
          <methods/>
          <lines>
            <line number="1" branch="false" hits="1"/>
            <line number="2" branch="false" hits="1"/>
            <line number="3" branch="false" hits="1"/>
            <line number="4" branch="false" hits="1"/>
            <line number="5" branch="false" hits="1"/>
            <line number="6" branch="false" hits="1"/>
            <line number="7" branch="false" hits="1"/>
            <line number="8" branch="false" hits="1"/>
            <line number="10" branch="false" hits="1"/>
            <line number="12" branch="false" hits="1"/>
            <line number="14" branch="false" hits="1"/>
          </lines>
        </class>
        <class name="company_department" filename="app/models/company_department.rb" line-rate="1.0" branch-rate="0" complexity="0">
          <methods/>
          <lines>
            <line number="1" branch="false" hits="1"/>
            <line number="2" branch="false" hits="1"/>
            <line number="4" branch="false" hits="1"/>
            <line number="5" branch="false" hits="1"/>
          </lines>
        </class>
        <class name="company_holiday" filename="app/models/company_holiday.rb" line-rate="1.0" branch-rate="0" complexity="0">
          <methods/>
          <lines>
            <line number="1" branch="false" hits="1"/>
            <line number="2" branch="false" hits="1"/>
            <line number="4" branch="false" hits="1"/>
            <line number="5" branch="false" hits="1"/>
          </lines>
        </class>
        <class name="customer" filename="app/models/customer.rb" line-rate="1.0" branch-rate="0" complexity="0">
          <methods/>
          <lines>
            <line number="1" branch="false" hits="1"/>
            <line number="3" branch="false" hits="1"/>
            <line number="4" branch="false" hits="1"/>
            <line number="6" branch="false" hits="1"/>
            <line number="7" branch="false" hits="1"/>
            <line number="8" branch="false" hits="1"/>
          </lines>
        </class>
        <class name="hour" filename="app/models/hour.rb" line-rate="1.0" branch-rate="0" complexity="0">
          <methods/>
          <lines>
            <line number="1" branch="false" hits="1"/>
            <line number="3" branch="false" hits="1"/>
            <line number="4" branch="false" hits="1"/>
            <line number="5" branch="false" hits="1"/>
            <line number="7" branch="false" hits="1"/>
          </lines>
        </class>
        <class name="hour_type" filename="app/models/hour_type.rb" line-rate="1.0" branch-rate="0" complexity="0">
          <methods/>
          <lines>
            <line number="1" branch="false" hits="1"/>
            <line number="3" branch="false" hits="1"/>
            <line number="4" branch="false" hits="1"/>
            <line number="6" branch="false" hits="1"/>
            <line number="7" branch="false" hits="1"/>
          </lines>
        </class>
        <class name="project" filename="app/models/project.rb" line-rate="1.0" branch-rate="0" complexity="0">
          <methods/>
          <lines>
            <line number="1" branch="false" hits="1"/>
            <line number="3" branch="false" hits="1"/>
            <line number="4" branch="false" hits="1"/>
            <line number="6" branch="false" hits="1"/>
          </lines>
        </class>
        <class name="task" filename="app/models/task.rb" line-rate="1.0" branch-rate="0" complexity="0">
          <methods/>
          <lines>
            <line number="1" branch="false" hits="1"/>
            <line number="3" branch="false" hits="1"/>
            <line number="4" branch="false" hits="1"/>
            <line number="6" branch="false" hits="1"/>
          </lines>
        </class>
        <class name="user" filename="app/models/user.rb" line-rate="1.0" branch-rate="0" complexity="0">
          <methods/>
          <lines>
            <line number="2" branch="false" hits="1"/>
            <line number="5" branch="false" hits="1"/>
            <line number="8" branch="false" hits="1"/>
            <line number="9" branch="false" hits="1"/>
            <line number="10" branch="false" hits="1"/>
            <line number="12" branch="false" hits="1"/>
            <line number="13" branch="false" hits="1"/>
            <line number="17" branch="false" hits="1"/>
            <line number="21" branch="false" hits="1"/>
            <line number="22" branch="false" hits="1"/>
          </lines>
        </class>
        <class name="company_department_serializer" filename="app/serializers/company_department_serializer.rb" line-rate="1.0" branch-rate="0" complexity="0">
          <methods/>
          <lines>
            <line number="1" branch="false" hits="1"/>
            <line number="2" branch="false" hits="1"/>
          </lines>
        </class>
        <class name="company_holiday_serializer" filename="app/serializers/company_holiday_serializer.rb" line-rate="1.0" branch-rate="0" complexity="0">
          <methods/>
          <lines>
            <line number="1" branch="false" hits="1"/>
            <line number="2" branch="false" hits="1"/>
          </lines>
        </class>
        <class name="company_serializer" filename="app/serializers/company_serializer.rb" line-rate="1.0" branch-rate="0" complexity="0">
          <methods/>
          <lines>
            <line number="1" branch="false" hits="1"/>
            <line number="2" branch="false" hits="1"/>
            <line number="3" branch="false" hits="1"/>
            <line number="4" branch="false" hits="1"/>
            <line number="5" branch="false" hits="1"/>
            <line number="6" branch="false" hits="1"/>
            <line number="7" branch="false" hits="1"/>
            <line number="8" branch="false" hits="1"/>
            <line number="9" branch="false" hits="1"/>
            <line number="10" branch="false" hits="1"/>
            <line number="11" branch="false" hits="1"/>
          </lines>
        </class>
        <class name="customer_serializer" filename="app/serializers/customer_serializer.rb" line-rate="1.0" branch-rate="0" complexity="0">
          <methods/>
          <lines>
            <line number="1" branch="false" hits="1"/>
            <line number="2" branch="false" hits="1"/>
            <line number="3" branch="false" hits="1"/>
            <line number="4" branch="false" hits="1"/>
            <line number="5" branch="false" hits="1"/>
            <line number="6" branch="false" hits="1"/>
            <line number="7" branch="false" hits="1"/>
            <line number="8" branch="false" hits="1"/>
            <line number="9" branch="false" hits="1"/>
          </lines>
        </class>
        <class name="hour_type_serializer" filename="app/serializers/hour_type_serializer.rb" line-rate="1.0" branch-rate="0" complexity="0">
          <methods/>
          <lines>
            <line number="1" branch="false" hits="1"/>
            <line number="2" branch="false" hits="1"/>
            <line number="3" branch="false" hits="1"/>
            <line number="4" branch="false" hits="1"/>
            <line number="5" branch="false" hits="1"/>
            <line number="6" branch="false" hits="1"/>
            <line number="7" branch="false" hits="1"/>
            <line number="8" branch="false" hits="1"/>
            <line number="9" branch="false" hits="1"/>
            <line number="10" branch="false" hits="1"/>
          </lines>
        </class>
        <class name="project_serializer" filename="app/serializers/project_serializer.rb" line-rate="1.0" branch-rate="0" complexity="0">
          <methods/>
          <lines>
            <line number="1" branch="false" hits="1"/>
            <line number="2" branch="false" hits="1"/>
            <line number="3" branch="false" hits="1"/>
            <line number="4" branch="false" hits="1"/>
            <line number="5" branch="false" hits="1"/>
            <line number="6" branch="false" hits="1"/>
            <line number="7" branch="false" hits="1"/>
            <line number="8" branch="false" hits="1"/>
            <line number="9" branch="false" hits="1"/>
            <line number="10" branch="false" hits="1"/>
            <line number="11" branch="false" hits="1"/>
            <line number="12" branch="false" hits="1"/>
            <line number="13" branch="false" hits="1"/>
            <line number="14" branch="false" hits="1"/>
          </lines>
        </class>
        <class name="task_serializer" filename="app/serializers/task_serializer.rb" line-rate="1.0" branch-rate="0" complexity="0">
          <methods/>
          <lines>
            <line number="1" branch="false" hits="1"/>
            <line number="2" branch="false" hits="1"/>
            <line number="3" branch="false" hits="1"/>
            <line number="4" branch="false" hits="1"/>
            <line number="5" branch="false" hits="1"/>
            <line number="6" branch="false" hits="1"/>
            <line number="7" branch="false" hits="1"/>
            <line number="8" branch="false" hits="1"/>
          </lines>
        </class>
      </classes>
    </package>
  </packages>
</coverage>